[0.005s] Invoking command in '/home/rafi/ros2/ws_drone/build/px4_ros_com': AMENT_PREFIX_PATH=/home/rafi/ros2/ws_drone/install/px4_msgs:${AMENT_PREFIX_PATH} CMAKE_PREFIX_PATH=/home/rafi/ros2/ws_drone/install/px4_msgs:/opt/ros/humble LD_LIBRARY_PATH=/home/rafi/ros2/ws_drone/install/px4_msgs/lib:${LD_LIBRARY_PATH} PYTHONPATH=/home/rafi/ros2/ws_drone/install/px4_msgs/local/lib/python3.10/dist-packages:${PYTHONPATH} /usr/bin/cmake /home/rafi/ros2/ws_drone/src/px4_ros_com -DCMAKE_INSTALL_PREFIX=/home/rafi/ros2/ws_drone/install/px4_ros_com
[0.043s] -- The C compiler identification is GNU 11.4.0
[0.087s] -- The CXX compiler identification is GNU 11.4.0
[0.093s] -- Detecting C compiler ABI info
[0.146s] -- Detecting C compiler ABI info - done
[0.154s] -- Check for working C compiler: /usr/bin/cc - skipped
[0.154s] -- Detecting C compile features
[0.154s] -- Detecting C compile features - done
[0.157s] -- Detecting CXX compiler ABI info
[0.220s] -- Detecting CXX compiler ABI info - done
[0.227s] -- Check for working CXX compiler: /usr/bin/c++ - skipped
[0.228s] -- Detecting CXX compile features
[0.228s] -- Detecting CXX compile features - done
[0.230s] -- Found ament_cmake: 1.3.10 (/opt/ros/humble/share/ament_cmake/cmake)
[0.509s] -- Found Python3: /usr/bin/python3 (found version "3.10.12") found components: Interpreter 
[0.574s] -- Found builtin_interfaces: 1.2.1 (/opt/ros/humble/share/builtin_interfaces/cmake)
[0.598s] -- Found rosidl_generator_c: 3.1.5 (/opt/ros/humble/share/rosidl_generator_c/cmake)
[0.602s] -- Found rosidl_adapter: 3.1.5 (/opt/ros/humble/share/rosidl_adapter/cmake)
[0.608s] -- Found rosidl_generator_cpp: 3.1.5 (/opt/ros/humble/share/rosidl_generator_cpp/cmake)
[0.617s] -- Using all available rosidl_typesupport_c: rosidl_typesupport_fastrtps_c;rosidl_typesupport_introspection_c
[0.629s] -- Using all available rosidl_typesupport_cpp: rosidl_typesupport_fastrtps_cpp;rosidl_typesupport_introspection_cpp
[0.687s] -- Found eigen3_cmake_module: 0.1.1 (/opt/ros/humble/share/eigen3_cmake_module/cmake)
[0.751s] -- Found Eigen3: TRUE (found version "3.4.0") 
[0.762s] -- Found geometry_msgs: 4.2.4 (/opt/ros/humble/share/geometry_msgs/cmake)
[0.908s] -- Found px4_msgs: 2.0.1 (/home/rafi/ros2/ws_drone/install/px4_msgs/share/px4_msgs/cmake)
[0.952s] -- Found rclcpp: 16.0.10 (/opt/ros/humble/share/rclcpp/cmake)
[1.148s] -- Found rmw_implementation_cmake: 6.1.2 (/opt/ros/humble/share/rmw_implementation_cmake/cmake)
[1.192s] -- Found rmw_fastrtps_cpp: 6.2.7 (/opt/ros/humble/share/rmw_fastrtps_cpp/cmake)
[1.552s] -- Found OpenSSL: /usr/lib/x86_64-linux-gnu/libcrypto.so (found version "3.0.2")  
[1.601s] -- Found FastRTPS: /opt/ros/humble/include  
[1.633s] -- Using RMW implementation 'rmw_fastrtps_cpp' as default
[1.658s] -- Looking for pthread.h
[1.708s] -- Looking for pthread.h - found
[1.708s] -- Performing Test CMAKE_HAVE_LIBC_PTHREAD
[1.766s] -- Performing Test CMAKE_HAVE_LIBC_PTHREAD - Success
[1.767s] -- Found Threads: TRUE  
[1.863s] -- Found sensor_msgs: 4.2.4 (/opt/ros/humble/share/sensor_msgs/cmake)
[1.889s] -- Found rclpy: 3.3.14 (/opt/ros/humble/share/rclpy/cmake)
[1.910s] -- Found ament_lint_auto: 0.12.11 (/opt/ros/humble/share/ament_lint_auto/cmake)
[2.005s] -- Added test 'copyright' to check source files copyright and LICENSE
[2.008s] -- Added test 'cppcheck' to perform static code analysis on C / C++ code
[2.008s] -- Configured cppcheck include dirs: /home/rafi/ros2/ws_drone/src/px4_ros_com/include;$<BUILD_INTERFACE:/home/rafi/ros2/ws_drone/src/px4_ros_com/include/px4_ros_com>
[2.008s] -- Configured cppcheck exclude dirs and/or files: 
[2.011s] -- Added test 'cpplint' to check C / C++ code against the Google style
[2.011s] -- Configured cpplint exclude dirs and/or files: 
[2.012s] -- Added test 'flake8' to check Python code syntax and style conventions
[2.013s] -- Added test 'lint_cmake' to check CMake code style
[2.014s] -- Added test 'pep257' to check Python code against some of the docstring style conventions in PEP 257
[2.016s] -- Added test 'uncrustify' to check C / C++ code style
[2.017s] -- Configured uncrustify additional arguments: 
[2.017s] -- Added test 'xmllint' to check XML markup files
[2.019s] -- Configuring done
[2.050s] -- Generating done
[2.051s] -- Build files have been written to: /home/rafi/ros2/ws_drone/build/px4_ros_com
[2.060s] Invoked command in '/home/rafi/ros2/ws_drone/build/px4_ros_com' returned '0': AMENT_PREFIX_PATH=/home/rafi/ros2/ws_drone/install/px4_msgs:${AMENT_PREFIX_PATH} CMAKE_PREFIX_PATH=/home/rafi/ros2/ws_drone/install/px4_msgs:/opt/ros/humble LD_LIBRARY_PATH=/home/rafi/ros2/ws_drone/install/px4_msgs/lib:${LD_LIBRARY_PATH} PYTHONPATH=/home/rafi/ros2/ws_drone/install/px4_msgs/local/lib/python3.10/dist-packages:${PYTHONPATH} /usr/bin/cmake /home/rafi/ros2/ws_drone/src/px4_ros_com -DCMAKE_INSTALL_PREFIX=/home/rafi/ros2/ws_drone/install/px4_ros_com
[2.060s] Invoking command in '/home/rafi/ros2/ws_drone/build/px4_ros_com': AMENT_PREFIX_PATH=/home/rafi/ros2/ws_drone/install/px4_msgs:${AMENT_PREFIX_PATH} CMAKE_PREFIX_PATH=/home/rafi/ros2/ws_drone/install/px4_msgs:/opt/ros/humble LD_LIBRARY_PATH=/home/rafi/ros2/ws_drone/install/px4_msgs/lib:${LD_LIBRARY_PATH} PYTHONPATH=/home/rafi/ros2/ws_drone/install/px4_msgs/local/lib/python3.10/dist-packages:${PYTHONPATH} /usr/bin/cmake --build /home/rafi/ros2/ws_drone/build/px4_ros_com -- -j12 -l12
[2.095s] [ 25%] [32mBuilding CXX object CMakeFiles/offboard_control_srv.dir/src/examples/offboard/offboard_control_srv.cpp.o[0m
[2.095s] [ 25%] [32mBuilding CXX object CMakeFiles/frame_transforms.dir/src/lib/frame_transforms.cpp.o[0m
[2.095s] [ 25%] [32mBuilding CXX object CMakeFiles/vehicle_gps_position_listener.dir/src/examples/listeners/vehicle_gps_position_listener.cpp.o[0m
[2.096s] [ 33%] [32mBuilding CXX object CMakeFiles/debug_vect_advertiser.dir/src/examples/advertisers/debug_vect_advertiser.cpp.o[0m
[2.097s] [ 41%] [32mBuilding CXX object CMakeFiles/offboard_control.dir/src/examples/offboard/offboard_control.cpp.o[0m
[2.098s] [ 50%] [32mBuilding CXX object CMakeFiles/sensor_combined_listener.dir/src/examples/listeners/sensor_combined_listener.cpp.o[0m
[2.101s] [ 50%] Built target ament_cmake_python_copy_px4_ros_com
[2.296s] running egg_info
[2.297s] creating px4_ros_com.egg-info
[2.314s] writing px4_ros_com.egg-info/PKG-INFO
[2.315s] writing dependency_links to px4_ros_com.egg-info/dependency_links.txt
[2.315s] writing top-level names to px4_ros_com.egg-info/top_level.txt
[2.315s] writing manifest file 'px4_ros_com.egg-info/SOURCES.txt'
[2.367s] reading manifest file 'px4_ros_com.egg-info/SOURCES.txt'
[2.368s] writing manifest file 'px4_ros_com.egg-info/SOURCES.txt'
[2.387s] [ 50%] Built target ament_cmake_python_build_px4_ros_com_egg
[6.341s] [ 58%] [32m[1mLinking CXX executable debug_vect_advertiser[0m
[6.658s] [ 58%] Built target debug_vect_advertiser
[6.993s] [ 66%] [32m[1mLinking CXX executable offboard_control[0m
[7.178s] [ 66%] Built target offboard_control
[7.623s] [ 75%] [32m[1mLinking CXX executable offboard_control_srv[0m
[7.813s] [ 75%] Built target offboard_control_srv
[8.690s] [ 83%] [32m[1mLinking CXX shared library libframe_transforms.so[0m
[9.075s] [ 83%] Built target frame_transforms
[9.625s] [ 91%] [32m[1mLinking CXX executable sensor_combined_listener[0m
[9.733s] [100%] [32m[1mLinking CXX executable vehicle_gps_position_listener[0m
[9.911s] [100%] Built target sensor_combined_listener
[10.002s] [100%] Built target vehicle_gps_position_listener
[10.361s] Invoked command in '/home/rafi/ros2/ws_drone/build/px4_ros_com' returned '0': AMENT_PREFIX_PATH=/home/rafi/ros2/ws_drone/install/px4_msgs:${AMENT_PREFIX_PATH} CMAKE_PREFIX_PATH=/home/rafi/ros2/ws_drone/install/px4_msgs:/opt/ros/humble LD_LIBRARY_PATH=/home/rafi/ros2/ws_drone/install/px4_msgs/lib:${LD_LIBRARY_PATH} PYTHONPATH=/home/rafi/ros2/ws_drone/install/px4_msgs/local/lib/python3.10/dist-packages:${PYTHONPATH} /usr/bin/cmake --build /home/rafi/ros2/ws_drone/build/px4_ros_com -- -j12 -l12
[10.394s] Invoking command in '/home/rafi/ros2/ws_drone/build/px4_ros_com': AMENT_PREFIX_PATH=/home/rafi/ros2/ws_drone/install/px4_msgs:${AMENT_PREFIX_PATH} CMAKE_PREFIX_PATH=/home/rafi/ros2/ws_drone/install/px4_msgs:/opt/ros/humble LD_LIBRARY_PATH=/home/rafi/ros2/ws_drone/install/px4_msgs/lib:${LD_LIBRARY_PATH} PYTHONPATH=/home/rafi/ros2/ws_drone/install/px4_msgs/local/lib/python3.10/dist-packages:${PYTHONPATH} /usr/bin/cmake --install /home/rafi/ros2/ws_drone/build/px4_ros_com
[10.400s] -- Install configuration: ""
[10.400s] -- Installing: /home/rafi/ros2/ws_drone/install/px4_ros_com/lib/px4_ros_com/sensor_combined_listener
[10.402s] -- Set runtime path of "/home/rafi/ros2/ws_drone/install/px4_ros_com/lib/px4_ros_com/sensor_combined_listener" to ""
[10.403s] -- Installing: /home/rafi/ros2/ws_drone/install/px4_ros_com/lib/px4_ros_com/vehicle_gps_position_listener
[10.404s] -- Set runtime path of "/home/rafi/ros2/ws_drone/install/px4_ros_com/lib/px4_ros_com/vehicle_gps_position_listener" to ""
[10.404s] -- Installing: /home/rafi/ros2/ws_drone/install/px4_ros_com/lib/px4_ros_com/debug_vect_advertiser
[10.405s] -- Set runtime path of "/home/rafi/ros2/ws_drone/install/px4_ros_com/lib/px4_ros_com/debug_vect_advertiser" to ""
[10.405s] -- Installing: /home/rafi/ros2/ws_drone/install/px4_ros_com/lib/px4_ros_com/offboard_control
[10.406s] -- Set runtime path of "/home/rafi/ros2/ws_drone/install/px4_ros_com/lib/px4_ros_com/offboard_control" to ""
[10.406s] -- Installing: /home/rafi/ros2/ws_drone/install/px4_ros_com/lib/px4_ros_com/offboard_control_srv
[10.407s] -- Set runtime path of "/home/rafi/ros2/ws_drone/install/px4_ros_com/lib/px4_ros_com/offboard_control_srv" to ""
[10.407s] -- Installing: /home/rafi/ros2/ws_drone/install/px4_ros_com/share/px4_ros_com/environment/library_path.sh
[10.407s] -- Installing: /home/rafi/ros2/ws_drone/install/px4_ros_com/share/px4_ros_com/environment/library_path.dsv
[10.407s] -- Installing: /home/rafi/ros2/ws_drone/install/px4_ros_com/include/px4_ros_com
[10.408s] -- Installing: /home/rafi/ros2/ws_drone/install/px4_ros_com/include/px4_ros_com/frame_transforms.h
[10.408s] -- Installing: /home/rafi/ros2/ws_drone/install/px4_ros_com/lib/libframe_transforms.so
[10.410s] -- Set runtime path of "/home/rafi/ros2/ws_drone/install/px4_ros_com/lib/libframe_transforms.so" to ""
[10.410s] -- Installing: /home/rafi/ros2/ws_drone/install/px4_ros_com/share/px4_ros_com//launch
[10.410s] -- Installing: /home/rafi/ros2/ws_drone/install/px4_ros_com/share/px4_ros_com//launch/offboard_control_launch.yaml
[10.410s] -- Installing: /home/rafi/ros2/ws_drone/install/px4_ros_com/share/px4_ros_com//launch/sensor_combined_listener.launch.py
[10.410s] -- Installing: /home/rafi/ros2/ws_drone/install/px4_ros_com/share/px4_ros_com//test
[10.410s] -- Installing: /home/rafi/ros2/ws_drone/install/px4_ros_com/share/px4_ros_com//test/pipeline_io_test.py
[10.410s] -- Installing: /home/rafi/ros2/ws_drone/install/px4_ros_com/share/px4_ros_com//test/__init__.py
[10.410s] -- Installing: /home/rafi/ros2/ws_drone/install/px4_ros_com/share/px4_ros_com//test/test_output.py
[10.410s] -- Installing: /home/rafi/ros2/ws_drone/install/px4_ros_com/share/px4_ros_com//test/test_input.py
[10.410s] -- Installing: /home/rafi/ros2/ws_drone/install/px4_ros_com/share/px4_ros_com/environment/pythonpath.sh
[10.411s] -- Installing: /home/rafi/ros2/ws_drone/install/px4_ros_com/share/px4_ros_com/environment/pythonpath.dsv
[10.411s] -- Installing: /home/rafi/ros2/ws_drone/install/px4_ros_com/local/lib/python3.10/dist-packages/px4_ros_com-0.1.0-py3.10.egg-info
[10.411s] -- Installing: /home/rafi/ros2/ws_drone/install/px4_ros_com/local/lib/python3.10/dist-packages/px4_ros_com-0.1.0-py3.10.egg-info/dependency_links.txt
[10.411s] -- Installing: /home/rafi/ros2/ws_drone/install/px4_ros_com/local/lib/python3.10/dist-packages/px4_ros_com-0.1.0-py3.10.egg-info/PKG-INFO
[10.411s] -- Installing: /home/rafi/ros2/ws_drone/install/px4_ros_com/local/lib/python3.10/dist-packages/px4_ros_com-0.1.0-py3.10.egg-info/SOURCES.txt
[10.411s] -- Installing: /home/rafi/ros2/ws_drone/install/px4_ros_com/local/lib/python3.10/dist-packages/px4_ros_com-0.1.0-py3.10.egg-info/top_level.txt
[10.411s] -- Installing: /home/rafi/ros2/ws_drone/install/px4_ros_com/local/lib/python3.10/dist-packages/px4_ros_com
[10.411s] -- Installing: /home/rafi/ros2/ws_drone/install/px4_ros_com/local/lib/python3.10/dist-packages/px4_ros_com/__init__.py
[10.411s] -- Installing: /home/rafi/ros2/ws_drone/install/px4_ros_com/local/lib/python3.10/dist-packages/px4_ros_com/module_to_import.py
[10.437s] Listing '/home/rafi/ros2/ws_drone/install/px4_ros_com/local/lib/python3.10/dist-packages/px4_ros_com'...
[10.437s] Compiling '/home/rafi/ros2/ws_drone/install/px4_ros_com/local/lib/python3.10/dist-packages/px4_ros_com/__init__.py'...
[10.437s] Compiling '/home/rafi/ros2/ws_drone/install/px4_ros_com/local/lib/python3.10/dist-packages/px4_ros_com/module_to_import.py'...
[10.442s] -- Installing: /home/rafi/ros2/ws_drone/install/px4_ros_com/lib/px4_ros_com/offboard_control.py
[10.442s] -- Installing: /home/rafi/ros2/ws_drone/install/px4_ros_com/share/ament_index/resource_index/package_run_dependencies/px4_ros_com
[10.442s] -- Installing: /home/rafi/ros2/ws_drone/install/px4_ros_com/share/ament_index/resource_index/parent_prefix_path/px4_ros_com
[10.442s] -- Installing: /home/rafi/ros2/ws_drone/install/px4_ros_com/share/px4_ros_com/environment/ament_prefix_path.sh
[10.442s] -- Installing: /home/rafi/ros2/ws_drone/install/px4_ros_com/share/px4_ros_com/environment/ament_prefix_path.dsv
[10.442s] -- Installing: /home/rafi/ros2/ws_drone/install/px4_ros_com/share/px4_ros_com/environment/path.sh
[10.442s] -- Installing: /home/rafi/ros2/ws_drone/install/px4_ros_com/share/px4_ros_com/environment/path.dsv
[10.442s] -- Installing: /home/rafi/ros2/ws_drone/install/px4_ros_com/share/px4_ros_com/local_setup.bash
[10.443s] -- Installing: /home/rafi/ros2/ws_drone/install/px4_ros_com/share/px4_ros_com/local_setup.sh
[10.443s] -- Installing: /home/rafi/ros2/ws_drone/install/px4_ros_com/share/px4_ros_com/local_setup.zsh
[10.443s] -- Installing: /home/rafi/ros2/ws_drone/install/px4_ros_com/share/px4_ros_com/local_setup.dsv
[10.443s] -- Installing: /home/rafi/ros2/ws_drone/install/px4_ros_com/share/px4_ros_com/package.dsv
[10.443s] -- Installing: /home/rafi/ros2/ws_drone/install/px4_ros_com/share/ament_index/resource_index/packages/px4_ros_com
[10.443s] -- Installing: /home/rafi/ros2/ws_drone/install/px4_ros_com/share/px4_ros_com/cmake/export_frame_transformsExport.cmake
[10.443s] -- Installing: /home/rafi/ros2/ws_drone/install/px4_ros_com/share/px4_ros_com/cmake/export_frame_transformsExport-noconfig.cmake
[10.443s] -- Installing: /home/rafi/ros2/ws_drone/install/px4_ros_com/share/px4_ros_com/cmake/ament_cmake_export_dependencies-extras.cmake
[10.443s] -- Installing: /home/rafi/ros2/ws_drone/install/px4_ros_com/share/px4_ros_com/cmake/ament_cmake_export_targets-extras.cmake
[10.443s] -- Installing: /home/rafi/ros2/ws_drone/install/px4_ros_com/share/px4_ros_com/cmake/ament_cmake_export_include_directories-extras.cmake
[10.443s] -- Installing: /home/rafi/ros2/ws_drone/install/px4_ros_com/share/px4_ros_com/cmake/ament_cmake_export_libraries-extras.cmake
[10.444s] -- Installing: /home/rafi/ros2/ws_drone/install/px4_ros_com/share/px4_ros_com/cmake/px4_ros_comConfig.cmake
[10.444s] -- Installing: /home/rafi/ros2/ws_drone/install/px4_ros_com/share/px4_ros_com/cmake/px4_ros_comConfig-version.cmake
[10.444s] -- Installing: /home/rafi/ros2/ws_drone/install/px4_ros_com/share/px4_ros_com/package.xml
[10.446s] Invoked command in '/home/rafi/ros2/ws_drone/build/px4_ros_com' returned '0': AMENT_PREFIX_PATH=/home/rafi/ros2/ws_drone/install/px4_msgs:${AMENT_PREFIX_PATH} CMAKE_PREFIX_PATH=/home/rafi/ros2/ws_drone/install/px4_msgs:/opt/ros/humble LD_LIBRARY_PATH=/home/rafi/ros2/ws_drone/install/px4_msgs/lib:${LD_LIBRARY_PATH} PYTHONPATH=/home/rafi/ros2/ws_drone/install/px4_msgs/local/lib/python3.10/dist-packages:${PYTHONPATH} /usr/bin/cmake --install /home/rafi/ros2/ws_drone/build/px4_ros_com
