[4.772s] DEBUG:colcon:Command line arguments: ['/usr/bin/colcon', 'build']
[4.772s] DEBUG:colcon:Parsed command line arguments: Namespace(log_base=None, log_level=None, verb_name='build', build_base='build', install_base='install', merge_install=False, symlink_install=False, test_result_base=None, continue_on_error=False, executor='parallel', parallel_workers=12, event_handlers=None, ignore_user_meta=False, metas=['./colcon.meta'], base_paths=['.'], packages_ignore=None, packages_ignore_regex=None, paths=None, packages_up_to=None, packages_up_to_regex=None, packages_above=None, packages_above_and_dependencies=None, packages_above_depth=None, packages_select_by_dep=None, packages_skip_by_dep=None, packages_skip_up_to=None, packages_select_build_failed=False, packages_skip_build_finished=False, packages_select_test_failures=False, packages_skip_test_passed=False, packages_select=None, packages_skip=None, packages_select_regex=None, packages_skip_regex=None, packages_start=None, packages_end=None, allow_overriding=[], cmake_args=None, cmake_target=None, cmake_target_skip_unavailable=False, cmake_clean_cache=False, cmake_clean_first=False, cmake_force_configure=False, ament_cmake_args=None, catkin_cmake_args=None, catkin_skip_building_tests=False, verb_parser=<colcon_defaults.argument_parser.defaults.DefaultArgumentsDecorator object at 0x77f01f83f070>, verb_extension=<colcon_core.verb.build.BuildVerb object at 0x77f01f980280>, main=<bound method BuildVerb.main of <colcon_core.verb.build.BuildVerb object at 0x77f01f980280>>)
[4.972s] Level 1:colcon.colcon_core.package_discovery:discover_packages(colcon_meta) check parameters
[4.972s] Level 1:colcon.colcon_core.package_discovery:discover_packages(recursive) check parameters
[4.972s] Level 1:colcon.colcon_core.package_discovery:discover_packages(ignore) check parameters
[4.972s] Level 1:colcon.colcon_core.package_discovery:discover_packages(path) check parameters
[4.972s] Level 1:colcon.colcon_core.package_discovery:discover_packages(colcon_meta) discover
[4.972s] Level 1:colcon.colcon_core.package_discovery:discover_packages(recursive) discover
[4.972s] INFO:colcon.colcon_core.package_discovery:Crawling recursively for packages in '/home/rafi/ros2/ws_drone'
[4.972s] Level 1:colcon.colcon_core.package_identification:_identify(.) by extensions ['ignore', 'ignore_ament_install']
[4.972s] Level 1:colcon.colcon_core.package_identification:_identify(.) by extension 'ignore'
[4.973s] Level 1:colcon.colcon_core.package_identification:_identify(.) by extension 'ignore_ament_install'
[4.973s] Level 1:colcon.colcon_core.package_identification:_identify(.) by extensions ['colcon_pkg']
[4.973s] Level 1:colcon.colcon_core.package_identification:_identify(.) by extension 'colcon_pkg'
[4.973s] Level 1:colcon.colcon_core.package_identification:_identify(.) by extensions ['colcon_meta']
[4.973s] Level 1:colcon.colcon_core.package_identification:_identify(.) by extension 'colcon_meta'
[4.973s] Level 1:colcon.colcon_core.package_identification:_identify(.) by extensions ['ros']
[4.973s] Level 1:colcon.colcon_core.package_identification:_identify(.) by extension 'ros'
[5.019s] Level 1:colcon.colcon_core.package_identification:_identify(.) by extensions ['cmake', 'python']
[5.019s] Level 1:colcon.colcon_core.package_identification:_identify(.) by extension 'cmake'
[5.019s] Level 1:colcon.colcon_core.package_identification:_identify(.) by extension 'python'
[5.019s] Level 1:colcon.colcon_core.package_identification:_identify(.) by extensions ['python_setup_py']
[5.019s] Level 1:colcon.colcon_core.package_identification:_identify(.) by extension 'python_setup_py'
[5.019s] Level 1:colcon.colcon_core.package_identification:_identify(build) by extensions ['ignore', 'ignore_ament_install']
[5.019s] Level 1:colcon.colcon_core.package_identification:_identify(build) by extension 'ignore'
[5.019s] Level 1:colcon.colcon_core.package_identification:_identify(build) ignored
[5.019s] Level 1:colcon.colcon_core.package_identification:_identify(install) by extensions ['ignore', 'ignore_ament_install']
[5.019s] Level 1:colcon.colcon_core.package_identification:_identify(install) by extension 'ignore'
[5.019s] Level 1:colcon.colcon_core.package_identification:_identify(install) ignored
[5.019s] Level 1:colcon.colcon_core.package_identification:_identify(log) by extensions ['ignore', 'ignore_ament_install']
[5.019s] Level 1:colcon.colcon_core.package_identification:_identify(log) by extension 'ignore'
[5.019s] Level 1:colcon.colcon_core.package_identification:_identify(log) ignored
[5.020s] Level 1:colcon.colcon_core.package_identification:_identify(src) by extensions ['ignore', 'ignore_ament_install']
[5.020s] Level 1:colcon.colcon_core.package_identification:_identify(src) by extension 'ignore'
[5.020s] Level 1:colcon.colcon_core.package_identification:_identify(src) by extension 'ignore_ament_install'
[5.020s] Level 1:colcon.colcon_core.package_identification:_identify(src) by extensions ['colcon_pkg']
[5.020s] Level 1:colcon.colcon_core.package_identification:_identify(src) by extension 'colcon_pkg'
[5.020s] Level 1:colcon.colcon_core.package_identification:_identify(src) by extensions ['colcon_meta']
[5.020s] Level 1:colcon.colcon_core.package_identification:_identify(src) by extension 'colcon_meta'
[5.020s] Level 1:colcon.colcon_core.package_identification:_identify(src) by extensions ['ros']
[5.020s] Level 1:colcon.colcon_core.package_identification:_identify(src) by extension 'ros'
[5.020s] Level 1:colcon.colcon_core.package_identification:_identify(src) by extensions ['cmake', 'python']
[5.020s] Level 1:colcon.colcon_core.package_identification:_identify(src) by extension 'cmake'
[5.020s] Level 1:colcon.colcon_core.package_identification:_identify(src) by extension 'python'
[5.020s] Level 1:colcon.colcon_core.package_identification:_identify(src) by extensions ['python_setup_py']
[5.020s] Level 1:colcon.colcon_core.package_identification:_identify(src) by extension 'python_setup_py'
[5.020s] Level 1:colcon.colcon_core.package_identification:_identify(src/px4_msgs) by extensions ['ignore', 'ignore_ament_install']
[5.020s] Level 1:colcon.colcon_core.package_identification:_identify(src/px4_msgs) by extension 'ignore'
[5.020s] Level 1:colcon.colcon_core.package_identification:_identify(src/px4_msgs) by extension 'ignore_ament_install'
[5.020s] Level 1:colcon.colcon_core.package_identification:_identify(src/px4_msgs) by extensions ['colcon_pkg']
[5.020s] Level 1:colcon.colcon_core.package_identification:_identify(src/px4_msgs) by extension 'colcon_pkg'
[5.020s] Level 1:colcon.colcon_core.package_identification:_identify(src/px4_msgs) by extensions ['colcon_meta']
[5.020s] Level 1:colcon.colcon_core.package_identification:_identify(src/px4_msgs) by extension 'colcon_meta'
[5.020s] Level 1:colcon.colcon_core.package_identification:_identify(src/px4_msgs) by extensions ['ros']
[5.020s] Level 1:colcon.colcon_core.package_identification:_identify(src/px4_msgs) by extension 'ros'
[5.023s] DEBUG:colcon.colcon_core.package_identification:Package 'src/px4_msgs' with type 'ros.ament_cmake' and name 'px4_msgs'
[5.024s] Level 1:colcon.colcon_core.package_identification:_identify(src/px4_ros_com) by extensions ['ignore', 'ignore_ament_install']
[5.024s] Level 1:colcon.colcon_core.package_identification:_identify(src/px4_ros_com) by extension 'ignore'
[5.024s] Level 1:colcon.colcon_core.package_identification:_identify(src/px4_ros_com) by extension 'ignore_ament_install'
[5.024s] Level 1:colcon.colcon_core.package_identification:_identify(src/px4_ros_com) by extensions ['colcon_pkg']
[5.024s] Level 1:colcon.colcon_core.package_identification:_identify(src/px4_ros_com) by extension 'colcon_pkg'
[5.024s] Level 1:colcon.colcon_core.package_identification:_identify(src/px4_ros_com) by extensions ['colcon_meta']
[5.024s] Level 1:colcon.colcon_core.package_identification:_identify(src/px4_ros_com) by extension 'colcon_meta'
[5.024s] Level 1:colcon.colcon_core.package_identification:_identify(src/px4_ros_com) by extensions ['ros']
[5.024s] Level 1:colcon.colcon_core.package_identification:_identify(src/px4_ros_com) by extension 'ros'
[5.025s] DEBUG:colcon.colcon_core.package_identification:Package 'src/px4_ros_com' with type 'ros.ament_cmake' and name 'px4_ros_com'
[5.025s] Level 1:colcon.colcon_core.package_discovery:discover_packages(recursive) using defaults
[5.025s] Level 1:colcon.colcon_core.package_discovery:discover_packages(ignore) discover
[5.025s] Level 1:colcon.colcon_core.package_discovery:discover_packages(ignore) using defaults
[5.025s] Level 1:colcon.colcon_core.package_discovery:discover_packages(path) discover
[5.026s] Level 1:colcon.colcon_core.package_discovery:discover_packages(path) using defaults
[5.136s] Level 1:colcon.colcon_core.package_discovery:discover_packages(prefix_path) check parameters
[5.136s] Level 1:colcon.colcon_core.package_discovery:discover_packages(prefix_path) discover
[5.139s] DEBUG:colcon.colcon_installed_package_information.package_discovery:Found 323 installed packages in /opt/ros/humble
[5.140s] Level 1:colcon.colcon_core.package_discovery:discover_packages(prefix_path) using defaults
[5.179s] Level 5:colcon.colcon_core.verb:set package 'px4_msgs' build argument 'cmake_args' from command line to 'None'
[5.179s] Level 5:colcon.colcon_core.verb:set package 'px4_msgs' build argument 'cmake_target' from command line to 'None'
[5.179s] Level 5:colcon.colcon_core.verb:set package 'px4_msgs' build argument 'cmake_target_skip_unavailable' from command line to 'False'
[5.179s] Level 5:colcon.colcon_core.verb:set package 'px4_msgs' build argument 'cmake_clean_cache' from command line to 'False'
[5.179s] Level 5:colcon.colcon_core.verb:set package 'px4_msgs' build argument 'cmake_clean_first' from command line to 'False'
[5.179s] Level 5:colcon.colcon_core.verb:set package 'px4_msgs' build argument 'cmake_force_configure' from command line to 'False'
[5.179s] Level 5:colcon.colcon_core.verb:set package 'px4_msgs' build argument 'ament_cmake_args' from command line to 'None'
[5.179s] Level 5:colcon.colcon_core.verb:set package 'px4_msgs' build argument 'catkin_cmake_args' from command line to 'None'
[5.179s] Level 5:colcon.colcon_core.verb:set package 'px4_msgs' build argument 'catkin_skip_building_tests' from command line to 'False'
[5.179s] DEBUG:colcon.colcon_core.verb:Building package 'px4_msgs' with the following arguments: {'ament_cmake_args': None, 'build_base': '/home/rafi/ros2/ws_drone/build/px4_msgs', 'catkin_cmake_args': None, 'catkin_skip_building_tests': False, 'cmake_args': None, 'cmake_clean_cache': False, 'cmake_clean_first': False, 'cmake_force_configure': False, 'cmake_target': None, 'cmake_target_skip_unavailable': False, 'install_base': '/home/rafi/ros2/ws_drone/install/px4_msgs', 'merge_install': False, 'path': '/home/rafi/ros2/ws_drone/src/px4_msgs', 'symlink_install': False, 'test_result_base': None}
[5.180s] Level 5:colcon.colcon_core.verb:set package 'px4_ros_com' build argument 'cmake_args' from command line to 'None'
[5.180s] Level 5:colcon.colcon_core.verb:set package 'px4_ros_com' build argument 'cmake_target' from command line to 'None'
[5.180s] Level 5:colcon.colcon_core.verb:set package 'px4_ros_com' build argument 'cmake_target_skip_unavailable' from command line to 'False'
[5.180s] Level 5:colcon.colcon_core.verb:set package 'px4_ros_com' build argument 'cmake_clean_cache' from command line to 'False'
[5.180s] Level 5:colcon.colcon_core.verb:set package 'px4_ros_com' build argument 'cmake_clean_first' from command line to 'False'
[5.180s] Level 5:colcon.colcon_core.verb:set package 'px4_ros_com' build argument 'cmake_force_configure' from command line to 'False'
[5.180s] Level 5:colcon.colcon_core.verb:set package 'px4_ros_com' build argument 'ament_cmake_args' from command line to 'None'
[5.180s] Level 5:colcon.colcon_core.verb:set package 'px4_ros_com' build argument 'catkin_cmake_args' from command line to 'None'
[5.180s] Level 5:colcon.colcon_core.verb:set package 'px4_ros_com' build argument 'catkin_skip_building_tests' from command line to 'False'
[5.180s] DEBUG:colcon.colcon_core.verb:Building package 'px4_ros_com' with the following arguments: {'ament_cmake_args': None, 'build_base': '/home/rafi/ros2/ws_drone/build/px4_ros_com', 'catkin_cmake_args': None, 'catkin_skip_building_tests': False, 'cmake_args': None, 'cmake_clean_cache': False, 'cmake_clean_first': False, 'cmake_force_configure': False, 'cmake_target': None, 'cmake_target_skip_unavailable': False, 'install_base': '/home/rafi/ros2/ws_drone/install/px4_ros_com', 'merge_install': False, 'path': '/home/rafi/ros2/ws_drone/src/px4_ros_com', 'symlink_install': False, 'test_result_base': None}
[5.180s] INFO:colcon.colcon_core.executor:Executing jobs using 'parallel' executor
[5.182s] DEBUG:colcon.colcon_parallel_executor.executor.parallel:run_until_complete
[5.182s] INFO:colcon.colcon_ros.task.ament_cmake.build:Building ROS package in '/home/rafi/ros2/ws_drone/src/px4_msgs' with build type 'ament_cmake'
[5.183s] INFO:colcon.colcon_cmake.task.cmake.build:Building CMake package in '/home/rafi/ros2/ws_drone/src/px4_msgs'
[5.200s] INFO:colcon.colcon_core.plugin_system:Skipping extension 'colcon_core.shell.bat': Not used on non-Windows systems
[5.200s] INFO:colcon.colcon_core.shell:Skip shell extension 'powershell' for command environment: Not usable outside of PowerShell
[5.200s] DEBUG:colcon.colcon_core.shell:Skip shell extension 'dsv' for command environment
[5.206s] DEBUG:colcon.colcon_core.event_handler.log_command:Invoking command in '/home/rafi/ros2/ws_drone/build/px4_msgs': CMAKE_PREFIX_PATH=/opt/ros/humble /usr/bin/cmake /home/rafi/ros2/ws_drone/src/px4_msgs -DCMAKE_INSTALL_PREFIX=/home/rafi/ros2/ws_drone/install/px4_msgs
[11.097s] DEBUG:colcon.colcon_core.event_handler.log_command:Invoked command in '/home/rafi/ros2/ws_drone/build/px4_msgs' returned '0': CMAKE_PREFIX_PATH=/opt/ros/humble /usr/bin/cmake /home/rafi/ros2/ws_drone/src/px4_msgs -DCMAKE_INSTALL_PREFIX=/home/rafi/ros2/ws_drone/install/px4_msgs
[11.099s] DEBUG:colcon.colcon_core.event_handler.log_command:Invoking command in '/home/rafi/ros2/ws_drone/build/px4_msgs': CMAKE_PREFIX_PATH=/opt/ros/humble /usr/bin/cmake --build /home/rafi/ros2/ws_drone/build/px4_msgs -- -j12 -l12
[237.905s] DEBUG:colcon.colcon_core.event_handler.log_command:Invoked command in '/home/rafi/ros2/ws_drone/build/px4_msgs' returned '0': CMAKE_PREFIX_PATH=/opt/ros/humble /usr/bin/cmake --build /home/rafi/ros2/ws_drone/build/px4_msgs -- -j12 -l12
[240.939s] DEBUG:colcon.colcon_core.event_handler.log_command:Invoking command in '/home/rafi/ros2/ws_drone/build/px4_msgs': CMAKE_PREFIX_PATH=/opt/ros/humble /usr/bin/cmake --install /home/rafi/ros2/ws_drone/build/px4_msgs
[241.722s] Level 1:colcon.colcon_core.environment:create_environment_scripts_only(px4_msgs)
[241.723s] DEBUG:colcon.colcon_core.event_handler.log_command:Invoked command in '/home/rafi/ros2/ws_drone/build/px4_msgs' returned '0': CMAKE_PREFIX_PATH=/opt/ros/humble /usr/bin/cmake --install /home/rafi/ros2/ws_drone/build/px4_msgs
[241.808s] Level 1:colcon.colcon_core.environment:checking '/home/rafi/ros2/ws_drone/install/px4_msgs' for CMake module files
[241.809s] Level 1:colcon.colcon_core.environment:checking '/home/rafi/ros2/ws_drone/install/px4_msgs' for CMake config files
[241.825s] Level 1:colcon.colcon_core.shell:create_environment_hook('px4_msgs', 'cmake_prefix_path')
[241.826s] INFO:colcon.colcon_core.shell:Creating environment hook '/home/rafi/ros2/ws_drone/install/px4_msgs/share/px4_msgs/hook/cmake_prefix_path.ps1'
[241.834s] INFO:colcon.colcon_core.shell:Creating environment descriptor '/home/rafi/ros2/ws_drone/install/px4_msgs/share/px4_msgs/hook/cmake_prefix_path.dsv'
[241.848s] INFO:colcon.colcon_core.shell:Creating environment hook '/home/rafi/ros2/ws_drone/install/px4_msgs/share/px4_msgs/hook/cmake_prefix_path.sh'
[241.851s] Level 1:colcon.colcon_core.environment:checking '/home/rafi/ros2/ws_drone/install/px4_msgs/lib'
[241.852s] Level 1:colcon.colcon_core.shell:create_environment_hook('px4_msgs', 'ld_library_path_lib')
[241.853s] INFO:colcon.colcon_core.shell:Creating environment hook '/home/rafi/ros2/ws_drone/install/px4_msgs/share/px4_msgs/hook/ld_library_path_lib.ps1'
[241.854s] INFO:colcon.colcon_core.shell:Creating environment descriptor '/home/rafi/ros2/ws_drone/install/px4_msgs/share/px4_msgs/hook/ld_library_path_lib.dsv'
[241.855s] INFO:colcon.colcon_core.shell:Creating environment hook '/home/rafi/ros2/ws_drone/install/px4_msgs/share/px4_msgs/hook/ld_library_path_lib.sh'
[241.856s] Level 1:colcon.colcon_core.environment:checking '/home/rafi/ros2/ws_drone/install/px4_msgs/bin'
[241.857s] Level 1:colcon.colcon_core.environment:checking '/home/rafi/ros2/ws_drone/install/px4_msgs/lib/pkgconfig/px4_msgs.pc'
[241.857s] Level 1:colcon.colcon_core.environment:checking '/home/rafi/ros2/ws_drone/install/px4_msgs/lib/python3.10/site-packages'
[241.858s] Level 1:colcon.colcon_core.environment:checking '/home/rafi/ros2/ws_drone/install/px4_msgs/bin'
[241.860s] INFO:colcon.colcon_core.shell:Creating package script '/home/rafi/ros2/ws_drone/install/px4_msgs/share/px4_msgs/package.ps1'
[241.863s] INFO:colcon.colcon_core.shell:Creating package descriptor '/home/rafi/ros2/ws_drone/install/px4_msgs/share/px4_msgs/package.dsv'
[241.866s] INFO:colcon.colcon_core.shell:Creating package script '/home/rafi/ros2/ws_drone/install/px4_msgs/share/px4_msgs/package.sh'
[241.868s] INFO:colcon.colcon_core.shell:Creating package script '/home/rafi/ros2/ws_drone/install/px4_msgs/share/px4_msgs/package.bash'
[241.887s] INFO:colcon.colcon_core.shell:Creating package script '/home/rafi/ros2/ws_drone/install/px4_msgs/share/px4_msgs/package.zsh'
[241.907s] Level 1:colcon.colcon_core.environment:create_file_with_runtime_dependencies(/home/rafi/ros2/ws_drone/install/px4_msgs/share/colcon-core/packages/px4_msgs)
[244.918s] Level 1:colcon.colcon_core.environment:create_environment_scripts_only(px4_msgs)
[244.919s] Level 1:colcon.colcon_core.environment:checking '/home/rafi/ros2/ws_drone/install/px4_msgs' for CMake module files
[244.919s] Level 1:colcon.colcon_core.environment:checking '/home/rafi/ros2/ws_drone/install/px4_msgs' for CMake config files
[244.922s] Level 1:colcon.colcon_core.shell:create_environment_hook('px4_msgs', 'cmake_prefix_path')
[244.923s] INFO:colcon.colcon_core.shell:Creating environment hook '/home/rafi/ros2/ws_drone/install/px4_msgs/share/px4_msgs/hook/cmake_prefix_path.ps1'
[244.923s] INFO:colcon.colcon_core.shell:Creating environment descriptor '/home/rafi/ros2/ws_drone/install/px4_msgs/share/px4_msgs/hook/cmake_prefix_path.dsv'
[244.923s] INFO:colcon.colcon_core.shell:Creating environment hook '/home/rafi/ros2/ws_drone/install/px4_msgs/share/px4_msgs/hook/cmake_prefix_path.sh'
[244.923s] Level 1:colcon.colcon_core.environment:checking '/home/rafi/ros2/ws_drone/install/px4_msgs/lib'
[244.924s] Level 1:colcon.colcon_core.shell:create_environment_hook('px4_msgs', 'ld_library_path_lib')
[244.924s] INFO:colcon.colcon_core.shell:Creating environment hook '/home/rafi/ros2/ws_drone/install/px4_msgs/share/px4_msgs/hook/ld_library_path_lib.ps1'
[244.924s] INFO:colcon.colcon_core.shell:Creating environment descriptor '/home/rafi/ros2/ws_drone/install/px4_msgs/share/px4_msgs/hook/ld_library_path_lib.dsv'
[244.924s] INFO:colcon.colcon_core.shell:Creating environment hook '/home/rafi/ros2/ws_drone/install/px4_msgs/share/px4_msgs/hook/ld_library_path_lib.sh'
[244.924s] Level 1:colcon.colcon_core.environment:checking '/home/rafi/ros2/ws_drone/install/px4_msgs/bin'
[244.924s] Level 1:colcon.colcon_core.environment:checking '/home/rafi/ros2/ws_drone/install/px4_msgs/lib/pkgconfig/px4_msgs.pc'
[244.925s] Level 1:colcon.colcon_core.environment:checking '/home/rafi/ros2/ws_drone/install/px4_msgs/lib/python3.10/site-packages'
[244.925s] Level 1:colcon.colcon_core.environment:checking '/home/rafi/ros2/ws_drone/install/px4_msgs/bin'
[244.925s] INFO:colcon.colcon_core.shell:Creating package script '/home/rafi/ros2/ws_drone/install/px4_msgs/share/px4_msgs/package.ps1'
[244.925s] INFO:colcon.colcon_core.shell:Creating package descriptor '/home/rafi/ros2/ws_drone/install/px4_msgs/share/px4_msgs/package.dsv'
[244.926s] INFO:colcon.colcon_core.shell:Creating package script '/home/rafi/ros2/ws_drone/install/px4_msgs/share/px4_msgs/package.sh'
[244.926s] INFO:colcon.colcon_core.shell:Creating package script '/home/rafi/ros2/ws_drone/install/px4_msgs/share/px4_msgs/package.bash'
[244.926s] INFO:colcon.colcon_core.shell:Creating package script '/home/rafi/ros2/ws_drone/install/px4_msgs/share/px4_msgs/package.zsh'
[244.927s] Level 1:colcon.colcon_core.environment:create_file_with_runtime_dependencies(/home/rafi/ros2/ws_drone/install/px4_msgs/share/colcon-core/packages/px4_msgs)
[244.927s] INFO:colcon.colcon_ros.task.ament_cmake.build:Building ROS package in '/home/rafi/ros2/ws_drone/src/px4_ros_com' with build type 'ament_cmake'
[244.927s] INFO:colcon.colcon_cmake.task.cmake.build:Building CMake package in '/home/rafi/ros2/ws_drone/src/px4_ros_com'
[244.927s] INFO:colcon.colcon_core.shell:Skip shell extension 'powershell' for command environment: Not usable outside of PowerShell
[244.927s] DEBUG:colcon.colcon_core.shell:Skip shell extension 'dsv' for command environment
[244.933s] DEBUG:colcon.colcon_core.event_handler.log_command:Invoking command in '/home/rafi/ros2/ws_drone/build/px4_ros_com': AMENT_PREFIX_PATH=/home/rafi/ros2/ws_drone/install/px4_msgs:${AMENT_PREFIX_PATH} CMAKE_PREFIX_PATH=/home/rafi/ros2/ws_drone/install/px4_msgs:/opt/ros/humble LD_LIBRARY_PATH=/home/rafi/ros2/ws_drone/install/px4_msgs/lib:${LD_LIBRARY_PATH} PYTHONPATH=/home/rafi/ros2/ws_drone/install/px4_msgs/local/lib/python3.10/dist-packages:${PYTHONPATH} /usr/bin/cmake /home/rafi/ros2/ws_drone/src/px4_ros_com -DCMAKE_INSTALL_PREFIX=/home/rafi/ros2/ws_drone/install/px4_ros_com
[246.988s] DEBUG:colcon.colcon_core.event_handler.log_command:Invoked command in '/home/rafi/ros2/ws_drone/build/px4_ros_com' returned '0': AMENT_PREFIX_PATH=/home/rafi/ros2/ws_drone/install/px4_msgs:${AMENT_PREFIX_PATH} CMAKE_PREFIX_PATH=/home/rafi/ros2/ws_drone/install/px4_msgs:/opt/ros/humble LD_LIBRARY_PATH=/home/rafi/ros2/ws_drone/install/px4_msgs/lib:${LD_LIBRARY_PATH} PYTHONPATH=/home/rafi/ros2/ws_drone/install/px4_msgs/local/lib/python3.10/dist-packages:${PYTHONPATH} /usr/bin/cmake /home/rafi/ros2/ws_drone/src/px4_ros_com -DCMAKE_INSTALL_PREFIX=/home/rafi/ros2/ws_drone/install/px4_ros_com
[246.988s] DEBUG:colcon.colcon_core.event_handler.log_command:Invoking command in '/home/rafi/ros2/ws_drone/build/px4_ros_com': AMENT_PREFIX_PATH=/home/rafi/ros2/ws_drone/install/px4_msgs:${AMENT_PREFIX_PATH} CMAKE_PREFIX_PATH=/home/rafi/ros2/ws_drone/install/px4_msgs:/opt/ros/humble LD_LIBRARY_PATH=/home/rafi/ros2/ws_drone/install/px4_msgs/lib:${LD_LIBRARY_PATH} PYTHONPATH=/home/rafi/ros2/ws_drone/install/px4_msgs/local/lib/python3.10/dist-packages:${PYTHONPATH} /usr/bin/cmake --build /home/rafi/ros2/ws_drone/build/px4_ros_com -- -j12 -l12
[255.290s] DEBUG:colcon.colcon_core.event_handler.log_command:Invoked command in '/home/rafi/ros2/ws_drone/build/px4_ros_com' returned '0': AMENT_PREFIX_PATH=/home/rafi/ros2/ws_drone/install/px4_msgs:${AMENT_PREFIX_PATH} CMAKE_PREFIX_PATH=/home/rafi/ros2/ws_drone/install/px4_msgs:/opt/ros/humble LD_LIBRARY_PATH=/home/rafi/ros2/ws_drone/install/px4_msgs/lib:${LD_LIBRARY_PATH} PYTHONPATH=/home/rafi/ros2/ws_drone/install/px4_msgs/local/lib/python3.10/dist-packages:${PYTHONPATH} /usr/bin/cmake --build /home/rafi/ros2/ws_drone/build/px4_ros_com -- -j12 -l12
[255.322s] DEBUG:colcon.colcon_core.event_handler.log_command:Invoking command in '/home/rafi/ros2/ws_drone/build/px4_ros_com': AMENT_PREFIX_PATH=/home/rafi/ros2/ws_drone/install/px4_msgs:${AMENT_PREFIX_PATH} CMAKE_PREFIX_PATH=/home/rafi/ros2/ws_drone/install/px4_msgs:/opt/ros/humble LD_LIBRARY_PATH=/home/rafi/ros2/ws_drone/install/px4_msgs/lib:${LD_LIBRARY_PATH} PYTHONPATH=/home/rafi/ros2/ws_drone/install/px4_msgs/local/lib/python3.10/dist-packages:${PYTHONPATH} /usr/bin/cmake --install /home/rafi/ros2/ws_drone/build/px4_ros_com
[255.373s] Level 1:colcon.colcon_core.environment:create_environment_scripts_only(px4_ros_com)
[255.373s] Level 1:colcon.colcon_core.environment:checking '/home/rafi/ros2/ws_drone/install/px4_ros_com' for CMake module files
[255.373s] DEBUG:colcon.colcon_core.event_handler.log_command:Invoked command in '/home/rafi/ros2/ws_drone/build/px4_ros_com' returned '0': AMENT_PREFIX_PATH=/home/rafi/ros2/ws_drone/install/px4_msgs:${AMENT_PREFIX_PATH} CMAKE_PREFIX_PATH=/home/rafi/ros2/ws_drone/install/px4_msgs:/opt/ros/humble LD_LIBRARY_PATH=/home/rafi/ros2/ws_drone/install/px4_msgs/lib:${LD_LIBRARY_PATH} PYTHONPATH=/home/rafi/ros2/ws_drone/install/px4_msgs/local/lib/python3.10/dist-packages:${PYTHONPATH} /usr/bin/cmake --install /home/rafi/ros2/ws_drone/build/px4_ros_com
[255.374s] Level 1:colcon.colcon_core.environment:checking '/home/rafi/ros2/ws_drone/install/px4_ros_com' for CMake config files
[255.374s] Level 1:colcon.colcon_core.shell:create_environment_hook('px4_ros_com', 'cmake_prefix_path')
[255.374s] INFO:colcon.colcon_core.shell:Creating environment hook '/home/rafi/ros2/ws_drone/install/px4_ros_com/share/px4_ros_com/hook/cmake_prefix_path.ps1'
[255.374s] INFO:colcon.colcon_core.shell:Creating environment descriptor '/home/rafi/ros2/ws_drone/install/px4_ros_com/share/px4_ros_com/hook/cmake_prefix_path.dsv'
[255.375s] INFO:colcon.colcon_core.shell:Creating environment hook '/home/rafi/ros2/ws_drone/install/px4_ros_com/share/px4_ros_com/hook/cmake_prefix_path.sh'
[255.375s] Level 1:colcon.colcon_core.environment:checking '/home/rafi/ros2/ws_drone/install/px4_ros_com/lib'
[255.375s] Level 1:colcon.colcon_core.shell:create_environment_hook('px4_ros_com', 'ld_library_path_lib')
[255.375s] INFO:colcon.colcon_core.shell:Creating environment hook '/home/rafi/ros2/ws_drone/install/px4_ros_com/share/px4_ros_com/hook/ld_library_path_lib.ps1'
[255.375s] INFO:colcon.colcon_core.shell:Creating environment descriptor '/home/rafi/ros2/ws_drone/install/px4_ros_com/share/px4_ros_com/hook/ld_library_path_lib.dsv'
[255.376s] INFO:colcon.colcon_core.shell:Creating environment hook '/home/rafi/ros2/ws_drone/install/px4_ros_com/share/px4_ros_com/hook/ld_library_path_lib.sh'
[255.376s] Level 1:colcon.colcon_core.environment:checking '/home/rafi/ros2/ws_drone/install/px4_ros_com/bin'
[255.376s] Level 1:colcon.colcon_core.environment:checking '/home/rafi/ros2/ws_drone/install/px4_ros_com/lib/pkgconfig/px4_ros_com.pc'
[255.376s] Level 1:colcon.colcon_core.environment:checking '/home/rafi/ros2/ws_drone/install/px4_ros_com/lib/python3.10/site-packages'
[255.376s] Level 1:colcon.colcon_core.environment:checking '/home/rafi/ros2/ws_drone/install/px4_ros_com/bin'
[255.377s] INFO:colcon.colcon_core.shell:Creating package script '/home/rafi/ros2/ws_drone/install/px4_ros_com/share/px4_ros_com/package.ps1'
[255.377s] INFO:colcon.colcon_core.shell:Creating package descriptor '/home/rafi/ros2/ws_drone/install/px4_ros_com/share/px4_ros_com/package.dsv'
[255.377s] INFO:colcon.colcon_core.shell:Creating package script '/home/rafi/ros2/ws_drone/install/px4_ros_com/share/px4_ros_com/package.sh'
[255.377s] INFO:colcon.colcon_core.shell:Creating package script '/home/rafi/ros2/ws_drone/install/px4_ros_com/share/px4_ros_com/package.bash'
[255.378s] INFO:colcon.colcon_core.shell:Creating package script '/home/rafi/ros2/ws_drone/install/px4_ros_com/share/px4_ros_com/package.zsh'
[255.378s] Level 1:colcon.colcon_core.environment:create_file_with_runtime_dependencies(/home/rafi/ros2/ws_drone/install/px4_ros_com/share/colcon-core/packages/px4_ros_com)
[255.405s] Level 1:colcon.colcon_core.environment:create_environment_scripts_only(px4_ros_com)
[255.405s] Level 1:colcon.colcon_core.environment:checking '/home/rafi/ros2/ws_drone/install/px4_ros_com' for CMake module files
[255.405s] Level 1:colcon.colcon_core.environment:checking '/home/rafi/ros2/ws_drone/install/px4_ros_com' for CMake config files
[255.406s] Level 1:colcon.colcon_core.shell:create_environment_hook('px4_ros_com', 'cmake_prefix_path')
[255.406s] INFO:colcon.colcon_core.shell:Creating environment hook '/home/rafi/ros2/ws_drone/install/px4_ros_com/share/px4_ros_com/hook/cmake_prefix_path.ps1'
[255.406s] INFO:colcon.colcon_core.shell:Creating environment descriptor '/home/rafi/ros2/ws_drone/install/px4_ros_com/share/px4_ros_com/hook/cmake_prefix_path.dsv'
[255.406s] INFO:colcon.colcon_core.shell:Creating environment hook '/home/rafi/ros2/ws_drone/install/px4_ros_com/share/px4_ros_com/hook/cmake_prefix_path.sh'
[255.407s] Level 1:colcon.colcon_core.environment:checking '/home/rafi/ros2/ws_drone/install/px4_ros_com/lib'
[255.407s] Level 1:colcon.colcon_core.shell:create_environment_hook('px4_ros_com', 'ld_library_path_lib')
[255.407s] INFO:colcon.colcon_core.shell:Creating environment hook '/home/rafi/ros2/ws_drone/install/px4_ros_com/share/px4_ros_com/hook/ld_library_path_lib.ps1'
[255.407s] INFO:colcon.colcon_core.shell:Creating environment descriptor '/home/rafi/ros2/ws_drone/install/px4_ros_com/share/px4_ros_com/hook/ld_library_path_lib.dsv'
[255.407s] INFO:colcon.colcon_core.shell:Creating environment hook '/home/rafi/ros2/ws_drone/install/px4_ros_com/share/px4_ros_com/hook/ld_library_path_lib.sh'
[255.408s] Level 1:colcon.colcon_core.environment:checking '/home/rafi/ros2/ws_drone/install/px4_ros_com/bin'
[255.408s] Level 1:colcon.colcon_core.environment:checking '/home/rafi/ros2/ws_drone/install/px4_ros_com/lib/pkgconfig/px4_ros_com.pc'
[255.408s] Level 1:colcon.colcon_core.environment:checking '/home/rafi/ros2/ws_drone/install/px4_ros_com/lib/python3.10/site-packages'
[255.408s] Level 1:colcon.colcon_core.environment:checking '/home/rafi/ros2/ws_drone/install/px4_ros_com/bin'
[255.408s] INFO:colcon.colcon_core.shell:Creating package script '/home/rafi/ros2/ws_drone/install/px4_ros_com/share/px4_ros_com/package.ps1'
[255.409s] INFO:colcon.colcon_core.shell:Creating package descriptor '/home/rafi/ros2/ws_drone/install/px4_ros_com/share/px4_ros_com/package.dsv'
[255.409s] INFO:colcon.colcon_core.shell:Creating package script '/home/rafi/ros2/ws_drone/install/px4_ros_com/share/px4_ros_com/package.sh'
[255.409s] INFO:colcon.colcon_core.shell:Creating package script '/home/rafi/ros2/ws_drone/install/px4_ros_com/share/px4_ros_com/package.bash'
[255.410s] INFO:colcon.colcon_core.shell:Creating package script '/home/rafi/ros2/ws_drone/install/px4_ros_com/share/px4_ros_com/package.zsh'
[255.410s] Level 1:colcon.colcon_core.environment:create_file_with_runtime_dependencies(/home/rafi/ros2/ws_drone/install/px4_ros_com/share/colcon-core/packages/px4_ros_com)
[255.410s] DEBUG:colcon.colcon_parallel_executor.executor.parallel:closing loop
[255.410s] DEBUG:colcon.colcon_parallel_executor.executor.parallel:loop closed
[255.410s] DEBUG:colcon.colcon_parallel_executor.executor.parallel:run_until_complete finished with '0'
[255.410s] DEBUG:colcon.colcon_core.event_reactor:joining thread
[255.416s] INFO:colcon.colcon_core.plugin_system:Skipping extension 'colcon_notification.desktop_notification.terminal_notifier': Not used on non-Darwin systems
[255.416s] INFO:colcon.colcon_core.plugin_system:Skipping extension 'colcon_notification.desktop_notification.win32': Not used on non-Windows systems
[255.416s] INFO:colcon.colcon_notification.desktop_notification:Sending desktop notification using 'notify2'
[255.427s] DEBUG:colcon.colcon_core.event_reactor:joined thread
[255.427s] INFO:colcon.colcon_core.shell:Creating prefix script '/home/rafi/ros2/ws_drone/install/local_setup.ps1'
[255.439s] INFO:colcon.colcon_core.shell:Creating prefix util module '/home/rafi/ros2/ws_drone/install/_local_setup_util_ps1.py'
[255.457s] INFO:colcon.colcon_core.shell:Creating prefix chain script '/home/rafi/ros2/ws_drone/install/setup.ps1'
[255.468s] INFO:colcon.colcon_core.shell:Creating prefix script '/home/rafi/ros2/ws_drone/install/local_setup.sh'
[255.469s] INFO:colcon.colcon_core.shell:Creating prefix util module '/home/rafi/ros2/ws_drone/install/_local_setup_util_sh.py'
[255.469s] INFO:colcon.colcon_core.shell:Creating prefix chain script '/home/rafi/ros2/ws_drone/install/setup.sh'
[255.470s] INFO:colcon.colcon_core.shell:Creating prefix script '/home/rafi/ros2/ws_drone/install/local_setup.bash'
[255.471s] INFO:colcon.colcon_core.shell:Creating prefix chain script '/home/rafi/ros2/ws_drone/install/setup.bash'
[255.472s] INFO:colcon.colcon_core.shell:Creating prefix script '/home/rafi/ros2/ws_drone/install/local_setup.zsh'
[255.473s] INFO:colcon.colcon_core.shell:Creating prefix chain script '/home/rafi/ros2/ws_drone/install/setup.zsh'
